
Index: 21
Min: -1.0
Max: 17.0
Step: 0.018
IC: 999

Index: 21
Min: -1.0
Max: 12.0
Step: 0.013
IC: 1000

Index: 21
Min: -1.0
Max: 15.0
Step: 0.016
IC: 999

Index: 21
Min: -1.0
Max: 14.0
Step: 0.015
IC: 999

Index: 21
Min: 0.0
Max: 11.0
Step: 0.011
IC: 1000

Index: 19
Min: 0.0
Max: 693.0
Step: 0.693
IC: 1000

Index: 19
Min: 0.0
Max: 627.0
Step: 0.627
IC: 1000

Index: 19
Min: 0.0
Max: 107.0
Step: 0.107
IC: 1000

Index: 19
Min: 0.0
Max: 27.0
Step: 0.027
IC: 999

Index: 19
Min: 0.0
Max: 3.0
Step: 0.003
IC: 999

Index: 20
Min: 0.0
Max: 9999999.0
Step: 9999.999
IC: 1000

Index: 20
Min: 0.0
Max: 9999999.0
Step: 9999.999
IC: 1000

Index: 20
Min: 0.0
Max: 9999999.0
Step: 9999.999
IC: 1000

Index: 20
Min: 0.0
Max: 9999999.0
Step: 9999.999
IC: 1000

Index: 20
Min: 0.0
Max: 9.0
Step: 0.009
IC: 999

Index: 16
Min: 0.0
Max: 75.0
Step: 0.075
IC: 999

Index: 16
Min: 0.0
Max: 72.0
Step: 0.072
IC: 999

Index: 16
Min: 0.0
Max: 50.0
Step: 0.05
IC: 1000

Index: 16
Min: 0.0
Max: 36.0
Step: 0.036
IC: 999

Index: 16
Min: 1.0
Max: 13.0
Step: 0.012
IC: 999

Index: 10
Min: -20.293012619
Max: -4.06194972992
Step: 0.0162310628891
IC: 1000

Index: 10
Min: -19.9956512451
Max: -4.4442653656
Step: 0.0155513858795
IC: 1000

Index: 10
Min: -19.522108078
Max: -4.4004650116
Step: 0.0151216430664
IC: 999

Index: 10
Min: -17.9450740814
Max: -4.11310195923
Step: 0.0138319721222
IC: 999

Index: 10
Min: -15.4030532837
Max: -4.60964107513
Step: 0.0107934122086
IC: 1000

Index: 15
Min: 36.1850700378
Max: 162.402938843
Step: 0.126217868805
IC: 1000

Index: 15
Min: 36.1850700378
Max: 162.402938843
Step: 0.126217868805
IC: 1000

Index: 15
Min: 36.1850700378
Max: 162.402938843
Step: 0.126217868805
IC: 1000

Index: 15
Min: 36.1850700378
Max: 137.746368408
Step: 0.10156129837
IC: 1000

Index: 15
Min: 55.4058418274
Max: 136.873825073
Step: 0.0814679832458
IC: 1000

Index: 5
Min: -100.0
Max: -2.64238095284
Step: 0.0973576190472
IC: 1000

Index: 5
Min: -100.0
Max: -1.75042796135
Step: 0.0982495720387
IC: 999

Index: 5
Min: -100.0
Max: -2.75070405006
Step: 0.0972492959499
IC: 999

Index: 5
Min: -6.68292379379
Max: -2.54142689705
Step: 0.00414149689674
IC: 999

Index: 5
Min: -5.19862413406
Max: -2.27912592888
Step: 0.00291949820518
IC: 999

Index: 17
Min: 0.0
Max: 191.0
Step: 0.191
IC: 999

Index: 17
Min: 0.0
Max: 168.0
Step: 0.168
IC: 999

Index: 17
Min: 0.0
Max: 107.0
Step: 0.107
IC: 1000

Index: 17
Min: 0.0
Max: 68.0
Step: 0.068
IC: 1000

Index: 17
Min: 2.0
Max: 29.0
Step: 0.027
IC: 999

Index: 2
Min: -100.0
Max: -2.77602410316
Step: 0.0972239758968
IC: 999

Index: 2
Min: -100.0
Max: -1.8291490078
Step: 0.0981708509922
IC: 999

Index: 2
Min: -100.0
Max: -2.88477897644
Step: 0.0971152210236
IC: 1000

Index: 2
Min: -7.8359131813
Max: -1.98627305031
Step: 0.005849640131
IC: 1000

Index: 2
Min: -6.25612878799
Max: -2.70935606956
Step: 0.00354677271843
IC: 999

Index: 14
Min: -33.1457061768
Max: -5.16627502441
Step: 0.0279794311523
IC: 1000

Index: 14
Min: -29.5056056976
Max: -6.23537540436
Step: 0.0232702302933
IC: 999

Index: 14
Min: -31.0655117035
Max: -5.48804187775
Step: 0.0255774698257
IC: 999

Index: 14
Min: -28.9480438232
Max: -5.50015354156
Step: 0.0234478902817
IC: 1000

Index: 14
Min: -21.5762958527
Max: -6.35182189941
Step: 0.0152244739532
IC: 1000

Index: 18
Min: 0.0
Max: 59.0
Step: 0.059
IC: 1000

Index: 18
Min: 0.0
Max: 50.0
Step: 0.05
IC: 1000

Index: 18
Min: 0.0
Max: 22.0
Step: 0.022
IC: 1000

Index: 18
Min: 0.0
Max: 11.0
Step: 0.011
IC: 1000

Index: 18
Min: 0.0
Max: 8.0
Step: 0.008
IC: 999

Index: 7
Min: -15.1850242615
Max: -3.49800634384
Step: 0.0116870179176
IC: 999

Index: 7
Min: -14.2433433533
Max: -3.36593818665
Step: 0.0108774051666
IC: 999

Index: 7
Min: -16.2295780182
Max: -3.95649528503
Step: 0.0122730827332
IC: 1000

Index: 7
Min: -14.9163131714
Max: -3.86498236656
Step: 0.0110513308048
IC: 999

Index: 7
Min: -11.6219806671
Max: -3.53995060921
Step: 0.00808203005791
IC: 1000

Index: 6
Min: -8.06782531738
Max: -2.85348701477
Step: 0.00521433830261
IC: 1000

Index: 6
Min: -8.06782531738
Max: -1.84767103195
Step: 0.00622015428543
IC: 1000

Index: 6
Min: -8.06782531738
Max: -2.83472299576
Step: 0.00523310232162
IC: 1000

Index: 6
Min: -7.59070396423
Max: -2.01661109924
Step: 0.00557409286499
IC: 999

Index: 6
Min: -6.30439710617
Max: -2.6502571106
Step: 0.00365413999557
IC: 999

Index: 11
Min: -27.2572288513
Max: -4.51454877853
Step: 0.0227426800728
IC: 999

Index: 11
Min: -26.2327423096
Max: -4.78475046158
Step: 0.021447991848
IC: 999

Index: 11
Min: -24.307100296
Max: -5.12186384201
Step: 0.019185236454
IC: 999

Index: 11
Min: -24.3279590607
Max: -5.50015354156
Step: 0.0188278055191
IC: 999

Index: 11
Min: -20.3774051666
Max: -4.60964107513
Step: 0.0157677640915
IC: 1000

Index: 9
Min: -16.2295780182
Max: -2.21317791939
Step: 0.0140164000988
IC: 1000

Index: 9
Min: -14.9163131714
Max: -2.64299225807
Step: 0.0122733209133
IC: 1000

Index: 9
Min: -13.9444789886
Max: -3.54798412323
Step: 0.0103964948654
IC: 999

Index: 9
Min: -13.8187513351
Max: -3.38703656197
Step: 0.0104317147732
IC: 1000

Index: 9
Min: -12.9036970139
Max: -3.81877303123
Step: 0.00908492398262
IC: 1000

Index: 12
Min: -20.1587257385
Max: -2.21317791939
Step: 0.0179455478191
IC: 1000

Index: 12
Min: -19.4212036133
Max: -3.1394162178
Step: 0.0162817873955
IC: 999

Index: 12
Min: -18.4469413757
Max: -3.98890686035
Step: 0.0144580345154
IC: 1000

Index: 12
Min: -19.0023326874
Max: -3.69059300423
Step: 0.0153117396832
IC: 1000

Index: 12
Min: -14.5832080841
Max: -5.42443180084
Step: 0.00915877628326
IC: 999

Index: 1
Min: 1.0
Max: 6.0
Step: 0.005
IC: 1000

Index: 1
Min: 1.0
Max: 5.0
Step: 0.004
IC: 1000

Index: 1
Min: 1.0
Max: 6.0
Step: 0.005
IC: 1000

Index: 1
Min: 1.0
Max: 5.0
Step: 0.004
IC: 1000

Index: 1
Min: 1.0
Max: 2.0
Step: 0.001
IC: 1000

Index: 0
Min: 1.0
Max: 15.0
Step: 0.014
IC: 1000

Index: 0
Min: 1.0
Max: 13.0
Step: 0.012
IC: 999

Index: 0
Min: 3.0
Max: 18.0
Step: 0.015
IC: 999

Index: 0
Min: 2.0
Max: 13.0
Step: 0.011
IC: 1000

Index: 0
Min: 2.0
Max: 10.0
Step: 0.008
IC: 1000

Index: 4
Min: -100.0
Max: -2.97432899475
Step: 0.0970256710052
IC: 999

Index: 4
Min: -7.05201101303
Max: -2.06102895737
Step: 0.00499098205566
IC: 1000

Index: 4
Min: -100.0
Max: -2.74823498726
Step: 0.0972517650127
IC: 999

Index: 4
Min: -6.43805217743
Max: -2.64622688293
Step: 0.00379182529449
IC: 1000

Index: 4
Min: -5.53938579559
Max: -2.14082503319
Step: 0.00339856076241
IC: 1000

Index: 3
Min: -7.68455505371
Max: -2.843282938
Step: 0.00484127211571
IC: 999

Index: 3
Min: -7.68455505371
Max: -1.87534594536
Step: 0.00580920910835
IC: 999

Index: 3
Min: -7.68455505371
Max: -2.77241802216
Step: 0.00491213703156
IC: 1000

Index: 3
Min: -7.38352489471
Max: -2.06358599663
Step: 0.00531993889809
IC: 1000

Index: 3
Min: -5.80949401855
Max: -2.55397701263
Step: 0.00325551700592
IC: 1000

Index: 8
Min: -20.3007736206
Max: -3.49800634384
Step: 0.0168027672768
IC: 1000

Index: 8
Min: -20.4197349548
Max: -4.31971549988
Step: 0.016100019455
IC: 999

Index: 8
Min: -20.1587257385
Max: -4.37016010284
Step: 0.0157885656357
IC: 1000

Index: 8
Min: -19.9956512451
Max: -3.86498236656
Step: 0.0161306688786
IC: 999

Index: 8
Min: -16.59633255
Max: -4.09446668625
Step: 0.0125018658638
IC: 999

Index: 13
Min: -27.2572288513
Max: -4.06194972992
Step: 0.0231952791214
IC: 999

Index: 13
Min: -24.9006195068
Max: -4.85858440399
Step: 0.0200420351028
IC: 1000

Index: 13
Min: -26.2327423096
Max: -4.91157913208
Step: 0.0213211631775
IC: 1000

Index: 13
Min: -23.4669685364
Max: -4.11310195923
Step: 0.0193538665771
IC: 999

Index: 13
Min: -16.6019439697
Max: -6.35182189941
Step: 0.0102501220703
IC: 1000
