Parsing with 20 threads in parallel.
Parsing with 20 threads in parallel.
Skipping sentence with 207 words since it is too long.
Skipping sentence with 231 words since it is too long.
Warning: no symbol can generate the span from 0 to 101.
The score is -Infinity and the state is supposed to be ROOT
The insideScores are [2.0E-323] and the outsideScores are [1.0]
The maxcScore is -Infinity
Warning: no symbol can generate the span from 0 to 110.
The score is -Infinity and the state is supposed to be ROOT
The insideScores are [1.5E-323] and the outsideScores are [1.0]
The maxcScore is -Infinity
Warning: no symbol can generate the span from 0 to 100.
The score is -Infinity and the state is supposed to be ROOT
The insideScores are [3.5E-323] and the outsideScores are [1.0]
The maxcScore is -Infinity
Warning: no symbol can generate the span from 0 to 100.
The score is -Infinity and the state is supposed to be ROOT
The insideScores are [4.9E-324] and the outsideScores are [1.0]
The maxcScore is -Infinity
Skipping sentence with 205 words since it is too long.
Skipping sentence with 270 words since it is too long.
Skipping sentence with 228 words since it is too long.
Skipping sentence with 236 words since it is too long.
Warning: no symbol can generate the span from 0 to 108.
The score is -Infinity and the state is supposed to be ROOT
The insideScores are [3.0E-323] and the outsideScores are [1.0]
The maxcScore is -Infinity
Warning: no symbol can generate the span from 0 to 103.
The score is -Infinity and the state is supposed to be ROOT
The insideScores are [1.0E-323] and the outsideScores are [1.0]
The maxcScore is -Infinity
