Reading training examples...done
Training set properties: 11 features, 500 rankings, 6197 examples
NOTE: Adjusted stopping criterion relative to maximum loss: eps=0.005587
Iter 1: .........Reading training examples...done
Training set properties: 11 features, 500 rankings, 6197 examples
NOTE: Adjusted stopping criterion relative to maximum loss: eps=0.005587
Iter 1: .........Reading training examples...done
Training set properties: 11 features, 500 rankings, 6197 examples
NOTE: Adjusted stopping criterion relative to maximum loss: eps=0.005587
Iter 1: .........Reading training examples...done
Training set properties: 11 features, 500 rankings, 6197 examples
NOTE: Adjusted stopping criterion relative to maximum loss: eps=0.005587
Iter 1: .........Reading training examples...done
Training set properties: 11 features, 500 rankings, 6197 examples
NOTE: Adjusted stopping criterion relative to maximum loss: eps=0.005587
Iter 1: .........Reading training examples...done
Training set properties: 11 features, 500 rankings, 6197 examples
NOTE: Adjusted stopping criterion relative to maximum loss: eps=0.005587
Iter 1: .........Reading training examples...done
Training set properties: 11 features, 500 rankings, 6197 examples
NOTE: Adjusted stopping criterion relative to maximum loss: eps=0.005587
Iter 1: .........Reading training examples...done
Training set properties: 11 features, 500 rankings, 6197 examples
NOTE: Adjusted stopping criterion relative to maximum loss: eps=0.005587
Iter 1: .........Reading training examples...done
Training set properties: 11 features, 500 rankings, 6197 examples
NOTE: Adjusted stopping criterion relative to maximum loss: eps=0.005587
Iter 1: .........Reading training examples...done
Training set properties: 11 features, 500 rankings, 6197 examples
NOTE: Adjusted stopping criterion relative to maximum loss: eps=0.005587
Iter 1: .........Reading training examples...Reading training examples...done
Training set properties: 11 features, 500 rankings, 6197 examples
NOTE: Adjusted stopping criterion relative to maximum loss: eps=0.005587
Iter 1: .........done
Training set properties: 11 features, 500 rankings, 6197 examples
NOTE: Adjusted stopping criterion relative to maximum loss: eps=0.005587
Iter 1: .........Reading training examples...done
Training set properties: 11 features, 500 rankings, 6197 examples
NOTE: Adjusted stopping criterion relative to maximum loss: eps=0.005587
Iter 1: .........Reading training examples...done
Training set properties: 11 features, 500 rankings, 6197 examples
NOTE: Adjusted stopping criterion relative to maximum loss: eps=0.005587
Iter 1: .........Reading training examples...Reading training examples...done
Training set properties: 11 features, 500 rankings, 6197 examples
NOTE: Adjusted stopping criterion relative to maximum loss: eps=0.005587
Iter 1: ...Reading training examples.........done
done
Training set properties: 11 features, 500 rankings, 6197 examples
NOTE: Adjusted stopping criterion relative to maximum loss: eps=0.005587
Iter 1: Training set properties: 11 features, 500 rankings, 6197 examples
NOTE: Adjusted stopping criterion relative to maximum loss: eps=0.005587
Iter 1: ..................Reading training examples...done
Training set properties: 11 features, 500 rankings, 6197 examples
NOTE: Adjusted stopping criterion relative to maximum loss: eps=0.005587
Iter 1: .........*(NumConst=1, SV=1, CEps=55.8740, QPEps=0.0000)
Iter 2: ......*(NumConst=1, SV=1, CEps=55.8740, QPEps=0.0000)
Iter 2: ...*(NumConst=1, SV=1, CEps=55.8740, QPEps=0.0000)
Iter 2: *(NumConst=1, SV=1, CEps=55.8740, QPEps=0.0000)
Iter 2: ..*(NumConst=1, SV=1, CEps=55.8740, QPEps=0.0000)
Iter 2: ...*(NumConst=1, SV=1, CEps=55.8740, QPEps=0.0000)
Iter 2: ..*(NumConst=1, SV=1, CEps=55.8740, QPEps=0.0000)
Iter 2: .*(NumConst=1, SV=1, CEps=55.8740, QPEps=0.0000)
Iter 2: .*(NumConst=1, SV=1, CEps=55.8740, QPEps=0.0000)
Iter 2: .*(NumConst=1, SV=1, CEps=55.8740, QPEps=0.0000)
Iter 2: .....*(NumConst=1, SV=1, CEps=55.8740, QPEps=0.0000)
Iter 2: .*(NumConst=1, SV=1, CEps=55.8740, QPEps=0.0000)
Iter 2: .*(NumConst=1, SV=1, CEps=55.8740, QPEps=0.0000)
Iter 2: ...*(NumConst=1, SV=1, CEps=55.8740, QPEps=0.0000)
Iter 2: .*(NumConst=1, SV=1, CEps=55.8740, QPEps=0.0000)
Iter 2: ...*(NumConst=1, SV=1, CEps=55.8740, QPEps=0.0000)
Iter 2: .....*(NumConst=1, SV=1, CEps=55.8740, QPEps=0.0000)
Iter 2: ....*(NumConst=1, SV=1, CEps=55.8740, QPEps=0.0000)
Iter 2: ........................................................................................................................*(NumConst=2, SV=1, CEps=55.3348, QPEps=0.0000)
Iter 3: *(NumConst=2, SV=1, CEps=55.3348, QPEps=0.0000)
Iter 3: *(NumConst=2, SV=1, CEps=55.3348, QPEps=0.0000)
Iter 3: *(NumConst=2, SV=1, CEps=55.3348, QPEps=0.0000)
Iter 3: *(NumConst=2, SV=1, CEps=55.3348, QPEps=0.0000)
Iter 3: *(NumConst=2, SV=1, CEps=55.3348, QPEps=0.0000)
Iter 3: *(NumConst=2, SV=1, CEps=55.3348, QPEps=0.0000)
Iter 3: *(NumConst=2, SV=1, CEps=55.3348, QPEps=0.0000)
Iter 3: *(NumConst=2, SV=1, CEps=55.3348, QPEps=0.0000)
Iter 3: *(NumConst=2, SV=1, CEps=55.3348, QPEps=0.0000)
Iter 3: *(NumConst=2, SV=1, CEps=55.3348, QPEps=0.0000)
Iter 3: *(NumConst=2, SV=1, CEps=55.3348, QPEps=0.0000)
Iter 3: *(NumConst=2, SV=1, CEps=55.3348, QPEps=0.0000)
Iter 3: *(NumConst=2, SV=1, CEps=55.3348, QPEps=0.0000)
Iter 3: *(NumConst=2, SV=1, CEps=55.3348, QPEps=0.0000)
Iter 3: *(NumConst=2, SV=1, CEps=55.3348, QPEps=0.0000)
Iter 3: *(NumConst=2, SV=1, CEps=55.3348, QPEps=0.0000)
Iter 3: *(NumConst=2, SV=1, CEps=55.3348, QPEps=0.0000)
Iter 3: ..................................................................................................................................................................(NumConst=2, SV=1, CEps=0.0000, QPEps=0.0000)
Final epsilon on KKT-Conditions: 0.00000
Upper bound on duality gap: -0.00000
Dual objective value: dval=55.60440
Primal objective value: pval=55.60440
Total number of constraints in final working set: 2 (of 2)
Number of iterations: 3
Number of calls to 'find_most_violated_constraint': 1500
Number of SV: 1 
Norm of weight vector: |w|=0.73431
Value of slack variable (on working set): xi=55.33479
Value of slack variable (global): xi=55.33479
Norm of longest difference vector: ||Psi(x,y)-Psi(x,ybar)||=0.73431
Runtime in cpu-seconds: 205.27
Writing learned model...done
(NumConst=2, SV=1, CEps=0.0000, QPEps=0.0000)
Final epsilon on KKT-Conditions: 0.00000
Upper bound on duality gap: -0.00000
Dual objective value: dval=55.60440
Primal objective value: pval=55.60440
Total number of constraints in final working set: 2 (of 2)
Number of iterations: 3
Number of calls to 'find_most_violated_constraint': 1500
Number of SV: 1 
Norm of weight vector: |w|=0.73431
Value of slack variable (on working set): xi=55.33479
Value of slack variable (global): xi=55.33479
Norm of longest difference vector: ||Psi(x,y)-Psi(x,ybar)||=0.73431
Runtime in cpu-seconds: 209.35
Writing learned model...done
(NumConst=2, SV=1, CEps=0.0000, QPEps=0.0000)
Final epsilon on KKT-Conditions: 0.00000
Upper bound on duality gap: -0.00000
Dual objective value: dval=55.60440
Primal objective value: pval=55.60440
Total number of constraints in final working set: 2 (of 2)
Number of iterations: 3
Number of calls to 'find_most_violated_constraint': 1500
Number of SV: 1 
Norm of weight vector: |w|=0.73431
Value of slack variable (on working set): xi=55.33479
Value of slack variable (global): xi=55.33479
Norm of longest difference vector: ||Psi(x,y)-Psi(x,ybar)||=0.73431
Runtime in cpu-seconds: 206.02
Writing learned model...done
(NumConst=2, SV=1, CEps=0.0000, QPEps=0.0000)
Final epsilon on KKT-Conditions: 0.00000
Upper bound on duality gap: -0.00000
Dual objective value: dval=55.60440
Primal objective value: pval=55.60440
Total number of constraints in final working set: 2 (of 2)
Number of iterations: 3
Number of calls to 'find_most_violated_constraint': 1500
Number of SV: 1 
Norm of weight vector: |w|=0.73431
Value of slack variable (on working set): xi=55.33479
Value of slack variable (global): xi=55.33479
Norm of longest difference vector: ||Psi(x,y)-Psi(x,ybar)||=0.73431
Runtime in cpu-seconds: 209.52
Writing learned model...done
(NumConst=2, SV=1, CEps=0.0000, QPEps=0.0000)
Final epsilon on KKT-Conditions: 0.00000
Upper bound on duality gap: -0.00000
Dual objective value: dval=55.60440
Primal objective value: pval=55.60440
Total number of constraints in final working set: 2 (of 2)
Number of iterations: 3
Number of calls to 'find_most_violated_constraint': 1500
Number of SV: 1 
Norm of weight vector: |w|=0.73431
Value of slack variable (on working set): xi=55.33479
Value of slack variable (global): xi=55.33479
Norm of longest difference vector: ||Psi(x,y)-Psi(x,ybar)||=0.73431
Runtime in cpu-seconds: 207.75
Writing learned model...done
(NumConst=2, SV=1, CEps=0.0000, QPEps=0.0000)
Final epsilon on KKT-Conditions: 0.00000
Upper bound on duality gap: -0.00000
Dual objective value: dval=55.60440
Primal objective value: pval=55.60440
Total number of constraints in final working set: 2 (of 2)
Number of iterations: 3
Number of calls to 'find_most_violated_constraint': 1500
Number of SV: 1 
Norm of weight vector: |w|=0.73431
Value of slack variable (on working set): xi=55.33479
Value of slack variable (global): xi=55.33479
Norm of longest difference vector: ||Psi(x,y)-Psi(x,ybar)||=0.73431
Runtime in cpu-seconds: 205.40
Writing learned model...done
(NumConst=2, SV=1, CEps=0.0000, QPEps=0.0000)
Final epsilon on KKT-Conditions: 0.00000
Upper bound on duality gap: -0.00000
Dual objective value: dval=55.60440
Primal objective value: pval=55.60440
Total number of constraints in final working set: 2 (of 2)
Number of iterations: 3
Number of calls to 'find_most_violated_constraint': 1500
Number of SV: 1 
Norm of weight vector: |w|=0.73431
Value of slack variable (on working set): xi=55.33479
Value of slack variable (global): xi=55.33479
Norm of longest difference vector: ||Psi(x,y)-Psi(x,ybar)||=0.73431
Runtime in cpu-seconds: 201.16
Writing learned model...done
(NumConst=2, SV=1, CEps=0.0000, QPEps=0.0000)
Final epsilon on KKT-Conditions: 0.00000
Upper bound on duality gap: -0.00000
Dual objective value: dval=55.60440
Primal objective value: pval=55.60440
Total number of constraints in final working set: 2 (of 2)
Number of iterations: 3
Number of calls to 'find_most_violated_constraint': 1500
Number of SV: 1 
Norm of weight vector: |w|=0.73431
Value of slack variable (on working set): xi=55.33479
Value of slack variable (global): xi=55.33479
Norm of longest difference vector: ||Psi(x,y)-Psi(x,ybar)||=0.73431
Runtime in cpu-seconds: 209.05
Writing learned model...done
(NumConst=2, SV=1, CEps=0.0000, QPEps=0.0000)
Final epsilon on KKT-Conditions: 0.00000
Upper bound on duality gap: -0.00000
Dual objective value: dval=55.60440
Primal objective value: pval=55.60440
Total number of constraints in final working set: 2 (of 2)
Number of iterations: 3
Number of calls to 'find_most_violated_constraint': 1500
Number of SV: 1 
Norm of weight vector: |w|=0.73431
Value of slack variable (on working set): xi=55.33479
Value of slack variable (global): xi=55.33479
Norm of longest difference vector: ||Psi(x,y)-Psi(x,ybar)||=0.73431
Runtime in cpu-seconds: 208.75
Writing learned model...done
(NumConst=2, SV=1, CEps=0.0000, QPEps=0.0000)
Final epsilon on KKT-Conditions: 0.00000
Upper bound on duality gap: -0.00000
Dual objective value: dval=55.60440
Primal objective value: pval=55.60440
Total number of constraints in final working set: 2 (of 2)
Number of iterations: 3
Number of calls to 'find_most_violated_constraint': 1500
Number of SV: 1 
Norm of weight vector: |w|=0.73431
Value of slack variable (on working set): xi=55.33479
Value of slack variable (global): xi=55.33479
Norm of longest difference vector: ||Psi(x,y)-Psi(x,ybar)||=0.73431
Runtime in cpu-seconds: 210.35
Writing learned model...(NumConst=2, SV=1, CEps=0.0000, QPEps=0.0000)
Final epsilon on KKT-Conditions: 0.00000
Upper bound on duality gap: -0.00000
Dual objective value: dval=55.60440
Primal objective value: pval=55.60440
Total number of constraints in final working set: 2 (of 2)
Number of iterations: 3
Number of calls to 'find_most_violated_constraint': 1500
Number of SV: 1 
Norm of weight vector: |w|=0.73431
Value of slack variable (on working set): xi=55.33479
Value of slack variable (global): xi=55.33479
Norm of longest difference vector: ||Psi(x,y)-Psi(x,ybar)||=0.73431
Runtime in cpu-seconds: 210.06
Writing learned model...done
done
(NumConst=2, SV=1, CEps=0.0000, QPEps=0.0000)
Final epsilon on KKT-Conditions: 0.00000
Upper bound on duality gap: -0.00000
Dual objective value: dval=55.60440
Primal objective value: pval=55.60440
Total number of constraints in final working set: 2 (of 2)
Number of iterations: 3
Number of calls to 'find_most_violated_constraint': 1500
Number of SV: 1 
Norm of weight vector: |w|=0.73431
Value of slack variable (on working set): xi=55.33479
Value of slack variable (global): xi=55.33479
Norm of longest difference vector: ||Psi(x,y)-Psi(x,ybar)||=0.73431
Runtime in cpu-seconds: 208.95
Writing learned model...done
(NumConst=2, SV=1, CEps=0.0000, QPEps=0.0000)
Final epsilon on KKT-Conditions: 0.00000
Upper bound on duality gap: -0.00000
Dual objective value: dval=55.60440
Primal objective value: pval=55.60440
Total number of constraints in final working set: 2 (of 2)
Number of iterations: 3
Number of calls to 'find_most_violated_constraint': 1500
Number of SV: 1 
Norm of weight vector: |w|=0.73431
Value of slack variable (on working set): xi=55.33479
Value of slack variable (global): xi=55.33479
Norm of longest difference vector: ||Psi(x,y)-Psi(x,ybar)||=0.73431
Runtime in cpu-seconds: 206.19
Writing learned model...(NumConst=2, SV=1, CEps=0.0000, QPEps=0.0000)
Final epsilon on KKT-Conditions: 0.00000
Upper bound on duality gap: -0.00000
Dual objective value: dval=55.60440
Primal objective value: pval=55.60440
Total number of constraints in final working set: 2 (of 2)
Number of iterations: 3
Number of calls to 'find_most_violated_constraint': 1500
Number of SV: 1 
Norm of weight vector: |w|=0.73431
Value of slack variable (on working set): xi=55.33479
Value of slack variable (global): xi=55.33479
Norm of longest difference vector: ||Psi(x,y)-Psi(x,ybar)||=0.73431
Runtime in cpu-seconds: 210.64
Writing learned model...done
done
(NumConst=2, SV=1, CEps=0.0000, QPEps=0.0000)
Final epsilon on KKT-Conditions: 0.00000
Upper bound on duality gap: -0.00000
Dual objective value: dval=55.60440
Primal objective value: pval=55.60440
Total number of constraints in final working set: 2 (of 2)
Number of iterations: 3
Number of calls to 'find_most_violated_constraint': 1500
Number of SV: 1 
Norm of weight vector: |w|=0.73431
Value of slack variable (on working set): xi=55.33479
Value of slack variable (global): xi=55.33479
Norm of longest difference vector: ||Psi(x,y)-Psi(x,ybar)||=0.73431
Runtime in cpu-seconds: 210.86
Writing learned model...done
(NumConst=2, SV=1, CEps=0.0000, QPEps=0.0000)
Final epsilon on KKT-Conditions: 0.00000
Upper bound on duality gap: -0.00000
Dual objective value: dval=55.60440
Primal objective value: pval=55.60440
Total number of constraints in final working set: 2 (of 2)
Number of iterations: 3
Number of calls to 'find_most_violated_constraint': 1500
Number of SV: 1 
Norm of weight vector: |w|=0.73431
Value of slack variable (on working set): xi=55.33479
Value of slack variable (global): xi=55.33479
Norm of longest difference vector: ||Psi(x,y)-Psi(x,ybar)||=0.73431
Runtime in cpu-seconds: 209.80
Writing learned model...done
(NumConst=2, SV=1, CEps=0.0000, QPEps=0.0000)
Final epsilon on KKT-Conditions: 0.00000
Upper bound on duality gap: -0.00000
Dual objective value: dval=55.60440
Primal objective value: pval=55.60440
Total number of constraints in final working set: 2 (of 2)
Number of iterations: 3
Number of calls to 'find_most_violated_constraint': 1500
Number of SV: 1 
Norm of weight vector: |w|=0.73431
Value of slack variable (on working set): xi=55.33479
Value of slack variable (global): xi=55.33479
Norm of longest difference vector: ||Psi(x,y)-Psi(x,ybar)||=0.73431
Runtime in cpu-seconds: 210.23
Writing learned model...done
(NumConst=2, SV=1, CEps=0.0000, QPEps=0.0000)
Final epsilon on KKT-Conditions: 0.00000
Upper bound on duality gap: -0.00000
Dual objective value: dval=55.60440
Primal objective value: pval=55.60440
Total number of constraints in final working set: 2 (of 2)
Number of iterations: 3
Number of calls to 'find_most_violated_constraint': 1500
Number of SV: 1 
Norm of weight vector: |w|=0.73431
Value of slack variable (on working set): xi=55.33479
Value of slack variable (global): xi=55.33479
Norm of longest difference vector: ||Psi(x,y)-Psi(x,ybar)||=0.73431
Runtime in cpu-seconds: 211.83
Writing learned model...done
Reading model...done.
Reading test examples...done.
Classifying test examples...done
Runtime (without IO) in cpu-seconds: 5.65
Average loss on test set: 0.0000
Zero/one-error on test set: 0.00% (440 correct, 0 incorrect, 440 total)
NOTE: The loss reported above is the fraction of swapped pairs averaged over
      all rankings. The zero/one-error is fraction of perfectly correct
      rankings!
Total Num Swappedpairs  :      0
Avg Swappedpairs Percent:   0.00
Reading model...done.
Reading test examples...Training...
Trained!
Scoring...
Scored!
done.
Classifying test examples...Reading model...Reading model...done.
Reading test examples...done.
Reading test examples...done.
Classifying test examples...done.
Classifying test examples...Reading model...done.
Reading test examples...done.
Classifying test examples...Reading model...Reading model...done.
Reading test examples...done.
Reading test examples...done.
Classifying test examples...done.
Classifying test examples...Reading model...done.
Reading test examples...done.
Classifying test examples...Reading model...Reading model...done.
Reading test examples...done.
Classifying test examples...done.
Reading test examples...Reading model...Reading model...done.
Classifying test examples...done.
Reading test examples...done.
Classifying test examples...done.
Reading test examples...done.
Classifying test examples...Reading model...done.
Reading test examples...done.
Classifying test examples...done
Runtime (without IO) in cpu-seconds: 12.11
Average loss on test set: 0.0000
Zero/one-error on test set: 0.00% (452 correct, 0 incorrect, 452 total)
NOTE: The loss reported above is the fraction of swapped pairs averaged over
      all rankings. The zero/one-error is fraction of perfectly correct
      rankings!
Total Num Swappedpairs  :      0
Avg Swappedpairs Percent:   0.00
Reading model...done.
Reading test examples...done.
Classifying test examples...Reading model...Reading model...done.
Reading test examples...done.
Classifying test examples...done.
Reading test examples...Training...
Trained!
Scoring...
Scored!
done
Runtime (without IO) in cpu-seconds: 7.09
Average loss on test set: 0.0000
Zero/one-error on test set: 0.00% (440 correct, 0 incorrect, 440 total)
NOTE: The loss reported above is the fraction of swapped pairs averaged over
      all rankings. The zero/one-error is fraction of perfectly correct
      rankings!
Total Num Swappedpairs  :      0
Avg Swappedpairs Percent:   0.00
done.
Classifying test examples...done
Runtime (without IO) in cpu-seconds: 8.88
Average loss on test set: 0.0000
Zero/one-error on test set: 0.00% (487 correct, 0 incorrect, 487 total)
NOTE: The loss reported above is the fraction of swapped pairs averaged over
      all rankings. The zero/one-error is fraction of perfectly correct
      rankings!
Total Num Swappedpairs  :      0
Avg Swappedpairs Percent:   0.00
Reading model...done.
Reading test examples...Training...
Trained!
Scoring...
Scored!
done.
Classifying test examples...Reading model...done
Runtime (without IO) in cpu-seconds: 6.29
Average loss on test set: 0.0000
Zero/one-error on test set: 0.00% (446 correct, 0 incorrect, 446 total)
NOTE: The loss reported above is the fraction of swapped pairs averaged over
      all rankings. The zero/one-error is fraction of perfectly correct
      rankings!
Total Num Swappedpairs  :      0
Avg Swappedpairs Percent:   0.00
done
Runtime (without IO) in cpu-seconds: 6.10
Average loss on test set: 0.0000
Zero/one-error on test set: 0.00% (446 correct, 0 incorrect, 446 total)
NOTE: The loss reported above is the fraction of swapped pairs averaged over
      all rankings. The zero/one-error is fraction of perfectly correct
      rankings!
Total Num Swappedpairs  :      0
Avg Swappedpairs Percent:   0.00
done.
Reading test examples...Training...
Trained!
Scoring...
Scored!
done.
Classifying test examples...Training...
Trained!
Scoring...
Scored!
Training...
Trained!
Scoring...
Scored!
done
Runtime (without IO) in cpu-seconds: 9.13
Average loss on test set: 0.0000
Zero/one-error on test set: 0.00% (487 correct, 0 incorrect, 487 total)
NOTE: The loss reported above is the fraction of swapped pairs averaged over
      all rankings. The zero/one-error is fraction of perfectly correct
      rankings!
Total Num Swappedpairs  :      0
Avg Swappedpairs Percent:   0.00
done
Runtime (without IO) in cpu-seconds: 7.27
Average loss on test set: 0.0000
Zero/one-error on test set: 0.00% (440 correct, 0 incorrect, 440 total)
NOTE: The loss reported above is the fraction of swapped pairs averaged over
      all rankings. The zero/one-error is fraction of perfectly correct
      rankings!
Total Num Swappedpairs  :      0
Avg Swappedpairs Percent:   0.00
Training...
Trained!
Scoring...
Scored!
Training...
Trained!
Scoring...
Scored!
done
Runtime (without IO) in cpu-seconds: 9.43
Average loss on test set: 0.0000
Zero/one-error on test set: 0.00% (487 correct, 0 incorrect, 487 total)
NOTE: The loss reported above is the fraction of swapped pairs averaged over
      all rankings. The zero/one-error is fraction of perfectly correct
      rankings!
Total Num Swappedpairs  :      0
Avg Swappedpairs Percent:   0.00
done
Runtime (without IO) in cpu-seconds: 13.83
Average loss on test set: 0.0000
Zero/one-error on test set: 0.00% (452 correct, 0 incorrect, 452 total)
NOTE: The loss reported above is the fraction of swapped pairs averaged over
      all rankings. The zero/one-error is fraction of perfectly correct
      rankings!
Total Num Swappedpairs  :      0
Avg Swappedpairs Percent:   0.00
done
Runtime (without IO) in cpu-seconds: 6.25
Average loss on test set: 0.0000
Zero/one-error on test set: 0.00% (446 correct, 0 incorrect, 446 total)
NOTE: The loss reported above is the fraction of swapped pairs averaged over
      all rankings. The zero/one-error is fraction of perfectly correct
      rankings!
Total Num Swappedpairs  :      0
Avg Swappedpairs Percent:   0.00
Training...
Trained!
Scoring...
Scored!
done
Runtime (without IO) in cpu-seconds: 13.10
Average loss on test set: 0.0000
Zero/one-error on test set: 0.00% (452 correct, 0 incorrect, 452 total)
NOTE: The loss reported above is the fraction of swapped pairs averaged over
      all rankings. The zero/one-error is fraction of perfectly correct
      rankings!
Total Num Swappedpairs  :      0
Avg Swappedpairs Percent:   0.00
done
Runtime (without IO) in cpu-seconds: 14.02
Average loss on test set: 0.0000
Zero/one-error on test set: 0.00% (414 correct, 0 incorrect, 414 total)
NOTE: The loss reported above is the fraction of swapped pairs averaged over
      all rankings. The zero/one-error is fraction of perfectly correct
      rankings!
Total Num Swappedpairs  :      0
Avg Swappedpairs Percent:   0.00
Training...
Trained!
Scoring...
Scored!
Training...
Trained!
Scoring...
Scored!
Training...
Trained!
Scoring...
Scored!
Training...
Trained!
Scoring...
Scored!
done
Runtime (without IO) in cpu-seconds: 13.88
Average loss on test set: 0.0000
Zero/one-error on test set: 0.00% (414 correct, 0 incorrect, 414 total)
NOTE: The loss reported above is the fraction of swapped pairs averaged over
      all rankings. The zero/one-error is fraction of perfectly correct
      rankings!
Total Num Swappedpairs  :      0
Avg Swappedpairs Percent:   0.00
Training...
Trained!
Scoring...
Scored!
done
Runtime (without IO) in cpu-seconds: 13.12
Average loss on test set: 0.0000
Zero/one-error on test set: 0.00% (414 correct, 0 incorrect, 414 total)
NOTE: The loss reported above is the fraction of swapped pairs averaged over
      all rankings. The zero/one-error is fraction of perfectly correct
      rankings!
Total Num Swappedpairs  :      0
Avg Swappedpairs Percent:   0.00
Training...
Trained!
Scoring...
Scored!
done
Runtime (without IO) in cpu-seconds: 31.49
Average loss on test set: 0.0000
Zero/one-error on test set: 0.00% (499 correct, 0 incorrect, 499 total)
NOTE: The loss reported above is the fraction of swapped pairs averaged over
      all rankings. The zero/one-error is fraction of perfectly correct
      rankings!
Total Num Swappedpairs  :      0
Avg Swappedpairs Percent:   0.00
done
Runtime (without IO) in cpu-seconds: 30.40
Average loss on test set: 0.0000
Zero/one-error on test set: 0.00% (499 correct, 0 incorrect, 499 total)
NOTE: The loss reported above is the fraction of swapped pairs averaged over
      all rankings. The zero/one-error is fraction of perfectly correct
      rankings!
Total Num Swappedpairs  :      0
Avg Swappedpairs Percent:   0.00
done
Runtime (without IO) in cpu-seconds: 30.27
Average loss on test set: 0.0000
Zero/one-error on test set: 0.00% (499 correct, 0 incorrect, 499 total)
NOTE: The loss reported above is the fraction of swapped pairs averaged over
      all rankings. The zero/one-error is fraction of perfectly correct
      rankings!
Total Num Swappedpairs  :      0
Avg Swappedpairs Percent:   0.00
Training...
Trained!
Scoring...
Scored!
Training...
Trained!
Scoring...
Scored!
Training...
Trained!
Scoring...
Scored!
