Reading training examples...done
Training set properties: 11 features, 500 rankings, 6197 examples
NOTE: Adjusted stopping criterion relative to maximum loss: eps=0.005587
Iter 1: .........Reading training examples...done
Training set properties: 11 features, 500 rankings, 6197 examples
NOTE: Adjusted stopping criterion relative to maximum loss: eps=0.005587
Iter 1: .........*(NumConst=1, SV=1, CEps=55.8740, QPEps=0.0000)
Iter 2: .........*(NumConst=2, SV=1, CEps=55.8568, QPEps=0.0000)
Iter 3: .........(NumConst=2, SV=1, CEps=0.0000, QPEps=0.0000)
Final epsilon on KKT-Conditions: 0.00000
Upper bound on duality gap: -0.00000
Dual objective value: dval=5.58654
Primal objective value: pval=5.58654
Total number of constraints in final working set: 2 (of 2)
Number of iterations: 3
Number of calls to 'find_most_violated_constraint': 1500
Number of SV: 1 
Norm of weight vector: |w|=0.04145
Value of slack variable (on working set): xi=55.85682
Value of slack variable (global): xi=55.85682
Norm of longest difference vector: ||Psi(x,y)-Psi(x,ybar)||=0.41450
Runtime in cpu-seconds: 0.00
Compacting linear model...done
Writing learned model...done
Reading training examples...Reading training examples...done
Training set properties: 11 features, 500 rankings, 6197 examples
NOTE: Adjusted stopping criterion relative to maximum loss: eps=0.005587
Iter 1: .........done
Training set properties: 11 features, 500 rankings, 6197 examples
NOTE: Adjusted stopping criterion relative to maximum loss: eps=0.005587
Iter 1: .........Reading training examples...done
Reading training examples...Training set properties: 11 features, 500 rankings, 6197 examples
NOTE: Adjusted stopping criterion relative to maximum loss: eps=0.005587
Iter 1: .........done
Training set properties: 11 features, 500 rankings, 6197 examples
NOTE: Adjusted stopping criterion relative to maximum loss: eps=0.005587
Iter 1: .........Reading training examples...done
Training set properties: 11 features, 500 rankings, 6197 examples
NOTE: Adjusted stopping criterion relative to maximum loss: eps=0.005587
Iter 1: .........*(NumConst=1, SV=1, CEps=55.8740, QPEps=0.0000)
Iter 2: .........*(NumConst=2, SV=1, CEps=55.8568, QPEps=0.0000)
Iter 3: .........(NumConst=2, SV=1, CEps=0.0000, QPEps=0.0000)
Final epsilon on KKT-Conditions: 0.00000
Upper bound on duality gap: -0.00000
Dual objective value: dval=5.58654
Primal objective value: pval=5.58654
Total number of constraints in final working set: 2 (of 2)
Number of iterations: 3
Number of calls to 'find_most_violated_constraint': 1500
Number of SV: 1 
Norm of weight vector: |w|=0.04145
Value of slack variable (on working set): xi=55.85682
Value of slack variable (global): xi=55.85682
Norm of longest difference vector: ||Psi(x,y)-Psi(x,ybar)||=0.41450
Runtime in cpu-seconds: 0.01
Compacting linear model...done
Writing learned model...done
Reading training examples...Reading training examples...done
done
Training set properties: 11 features, 500 rankings, 6197 examples
NOTE: Adjusted stopping criterion relative to maximum loss: eps=0.005587
Iter 1: .....Training set properties: 11 features, 500 rankings, 6197 examples
NOTE: Adjusted stopping criterion relative to maximum loss: eps=0.005587
Iter 1: .....*(NumConst=1, SV=1, CEps=55.8740, QPEps=0.0000)
Iter 2: ..............*(NumConst=2, SV=1, CEps=55.7022, QPEps=0.0000)
Iter 3: ............(NumConst=2, SV=1, CEps=0.0000, QPEps=0.0000)
Final epsilon on KKT-Conditions: 0.00000
Upper bound on duality gap: -0.00000
Dual objective value: dval=55.78810
Primal objective value: pval=55.78810
Total number of constraints in final working set: 2 (of 2)
Number of iterations: 3
Number of calls to 'find_most_violated_constraint': 1500
Number of SV: 1 
Norm of weight vector: |w|=0.41450
Value of slack variable (on working set): xi=55.70219
Value of slack variable (global): xi=55.70219
Norm of longest difference vector: ||Psi(x,y)-Psi(x,ybar)||=0.41450
Runtime in cpu-seconds: 0.01
Compacting linear model...done
Writing learned model...done
Reading training examples...Reading training examples...done
Training set properties: 11 features, 500 rankings, 6197 examples
NOTE: Adjusted stopping criterion relative to maximum loss: eps=0.005587
Iter 1: .........done
Training set properties: 11 features, 500 rankings, 6197 examples
NOTE: Adjusted stopping criterion relative to maximum loss: eps=0.005587
Iter 1: .........*(NumConst=1, SV=1, CEps=55.8740, QPEps=0.0000)
Iter 2: .........*(NumConst=2, SV=1, CEps=55.7022, QPEps=0.0000)
Iter 3: .........(NumConst=2, SV=1, CEps=0.0000, QPEps=0.0000)
Final epsilon on KKT-Conditions: 0.00000
Upper bound on duality gap: -0.00000
Dual objective value: dval=55.78810
Primal objective value: pval=55.78810
Total number of constraints in final working set: 2 (of 2)
Number of iterations: 3
Number of calls to 'find_most_violated_constraint': 1500
Number of SV: 1 
Norm of weight vector: |w|=0.41450
Value of slack variable (on working set): xi=55.70219
Value of slack variable (global): xi=55.70219
Norm of longest difference vector: ||Psi(x,y)-Psi(x,ybar)||=0.41450
Runtime in cpu-seconds: 0.01
Compacting linear model...done
Writing learned model...done
Reading training examples...done
Training set properties: 11 features, 500 rankings, 6197 examples
NOTE: Adjusted stopping criterion relative to maximum loss: eps=0.005587
Iter 1: .........Reading training examples...done
Training set properties: 11 features, 500 rankings, 6197 examples
NOTE: Adjusted stopping criterion relative to maximum loss: eps=0.005587
Iter 1: .........Reading training examples...Reading model...done.
Reading test examples...done
Training set properties: 11 features, 500 rankings, 6197 examples
NOTE: Adjusted stopping criterion relative to maximum loss: eps=0.005587
Iter 1: .........*(NumConst=1, SV=1, CEps=55.8740, QPEps=0.0000)
Iter 2: .........*(NumConst=2, SV=1, CEps=55.7022, QPEps=0.0000)
Iter 3: .........(NumConst=2, SV=1, CEps=0.0000, QPEps=0.0000)
Final epsilon on KKT-Conditions: 0.00000
Upper bound on duality gap: -0.00000
Dual objective value: dval=55.78810
Primal objective value: pval=55.78810
Total number of constraints in final working set: 2 (of 2)
Number of iterations: 3
Number of calls to 'find_most_violated_constraint': 1500
Number of SV: 1 
Norm of weight vector: |w|=0.41450
Value of slack variable (on working set): xi=55.70219
Value of slack variable (global): xi=55.70219
Norm of longest difference vector: ||Psi(x,y)-Psi(x,ybar)||=0.41450
Runtime in cpu-seconds: 0.00
Compacting linear model...done
Writing learned model...done
done.
Classifying test examples...done
Runtime (without IO) in cpu-seconds: 0.00
Average loss on test set: 0.0000
Zero/one-error on test set: 0.00% (500 correct, 0 incorrect, 500 total)
NOTE: The loss reported above is the fraction of swapped pairs averaged over
      all rankings. The zero/one-error is fraction of perfectly correct
      rankings!
Total Num Swappedpairs  :      0
Avg Swappedpairs Percent:   0.00
Reading training examples...done
Training set properties: 11 features, 500 rankings, 6197 examples
NOTE: Adjusted stopping criterion relative to maximum loss: eps=0.005587
Iter 1: .........Reading training examples...Reading model...done.
Reading test examples...Reading model...done.
Reading test examples...done
Training set properties: 11 features, 500 rankings, 6197 examples
NOTE: Adjusted stopping criterion relative to maximum loss: eps=0.005587
Iter 1: .........done.
Classifying test examples...done.
Classifying test examples...done
Runtime (without IO) in cpu-seconds: 0.00
Average loss on test set: 0.0000
Zero/one-error on test set: 0.00% (500 correct, 0 incorrect, 500 total)
NOTE: The loss reported above is the fraction of swapped pairs averaged over
      all rankings. The zero/one-error is fraction of perfectly correct
      rankings!
Total Num Swappedpairs  :      0
Avg Swappedpairs Percent:   0.00
done
Runtime (without IO) in cpu-seconds: 0.00
Average loss on test set: 0.0000
Zero/one-error on test set: 0.00% (500 correct, 0 incorrect, 500 total)
NOTE: The loss reported above is the fraction of swapped pairs averaged over
      all rankings. The zero/one-error is fraction of perfectly correct
      rankings!
Total Num Swappedpairs  :      0
Avg Swappedpairs Percent:   0.00
Reading model...done.
Reading test examples...done.
Classifying test examples...done
Runtime (without IO) in cpu-seconds: 0.00
Average loss on test set: 0.0000
Zero/one-error on test set: 0.00% (500 correct, 0 incorrect, 500 total)
NOTE: The loss reported above is the fraction of swapped pairs averaged over
      all rankings. The zero/one-error is fraction of perfectly correct
      rankings!
Total Num Swappedpairs  :      0
Avg Swappedpairs Percent:   0.00
Reading model...done.
Reading test examples...done.
Classifying test examples...done
Runtime (without IO) in cpu-seconds: 0.00
Average loss on test set: 0.0000
Zero/one-error on test set: 0.00% (500 correct, 0 incorrect, 500 total)
NOTE: The loss reported above is the fraction of swapped pairs averaged over
      all rankings. The zero/one-error is fraction of perfectly correct
      rankings!
Total Num Swappedpairs  :      0
Avg Swappedpairs Percent:   0.00
Training...
Trained!
Scoring...
Scored!
Training...
Trained!
Scoring...
Scored!
Training...
Trained!
Scoring...
Scored!
Training...
Trained!
Scoring...
Scored!
Training...
Trained!
Scoring...
Scored!
Reading training examples...done
Training set properties: 11 features, 500 rankings, 6197 examples
NOTE: Adjusted stopping criterion relative to maximum loss: eps=0.005587
Iter 1: .........Reading training examples...done
Training set properties: 11 features, 500 rankings, 6197 examples
NOTE: Adjusted stopping criterion relative to maximum loss: eps=0.005587
Iter 1: .........*(NumConst=1, SV=1, CEps=55.8740, QPEps=0.0000)
Iter 2: .........*(NumConst=2, SV=1, CEps=55.8568, QPEps=0.0000)
Iter 3: .........(NumConst=2, SV=1, CEps=0.0000, QPEps=0.0000)
Final epsilon on KKT-Conditions: 0.00000
Upper bound on duality gap: -0.00000
Dual objective value: dval=5.58654
Primal objective value: pval=5.58654
Total number of constraints in final working set: 2 (of 2)
Number of iterations: 3
Number of calls to 'find_most_violated_constraint': 1500
Number of SV: 1 
Norm of weight vector: |w|=0.04145
Value of slack variable (on working set): xi=55.85682
Value of slack variable (global): xi=55.85682
Norm of longest difference vector: ||Psi(x,y)-Psi(x,ybar)||=0.41450
Runtime in cpu-seconds: 0.00
Compacting linear model...done
Writing learned model...done
Reading model...done.
Reading test examples...done.
Classifying test examples...done
Runtime (without IO) in cpu-seconds: 0.00
Average loss on test set: 0.0000
Zero/one-error on test set: 0.00% (500 correct, 0 incorrect, 500 total)
NOTE: The loss reported above is the fraction of swapped pairs averaged over
      all rankings. The zero/one-error is fraction of perfectly correct
      rankings!
Total Num Swappedpairs  :      0
Avg Swappedpairs Percent:   0.00
Training...
Trained!
Scoring...
Scored!
*(NumConst=1, SV=1, CEps=55.8740, QPEps=0.0000)
Iter 2: *(NumConst=1, SV=1, CEps=55.8740, QPEps=0.0000)
Iter 2: *(NumConst=1, SV=1, CEps=55.8740, QPEps=0.0000)
Iter 2: .*(NumConst=1, SV=1, CEps=55.8740, QPEps=0.0000)
Iter 2: .*(NumConst=1, SV=1, CEps=55.8740, QPEps=0.0000)
Iter 2: .........................*(NumConst=1, SV=1, CEps=55.8740, QPEps=0.0000)
Iter 2: ....*(NumConst=1, SV=1, CEps=55.8740, QPEps=0.0000)
Iter 2: .........*(NumConst=1, SV=1, CEps=55.8740, QPEps=0.0000)
Iter 2: ....*(NumConst=1, SV=1, CEps=55.8740, QPEps=0.0000)
Iter 2: ....*(NumConst=1, SV=1, CEps=55.8740, QPEps=0.0000)
Iter 2: .......................*(NumConst=1, SV=1, CEps=55.8740, QPEps=0.0000)
Iter 2: .......................*(NumConst=1, SV=1, CEps=55.8740, QPEps=0.0000)
Iter 2: ..............*(NumConst=2, SV=1, CEps=55.8668, QPEps=0.0000)
Iter 3: *(NumConst=2, SV=1, CEps=55.8668, QPEps=0.0000)
Iter 3: *(NumConst=2, SV=1, CEps=55.8024, QPEps=0.0000)
Iter 3: *(NumConst=2, SV=1, CEps=55.8024, QPEps=0.0000)
Iter 3: *(NumConst=2, SV=1, CEps=55.8220, QPEps=0.0000)
Iter 3: *(NumConst=2, SV=1, CEps=55.3537, QPEps=0.0000)
Iter 3: *(NumConst=2, SV=1, CEps=55.3537, QPEps=0.0000)
Iter 3: *(NumConst=2, SV=1, CEps=55.8024, QPEps=0.0000)
Iter 3: *(NumConst=2, SV=1, CEps=55.8220, QPEps=0.0000)
Iter 3: ...............*(NumConst=2, SV=1, CEps=55.8668, QPEps=0.0000)
Iter 3: ......................*(NumConst=2, SV=1, CEps=55.3537, QPEps=0.0000)
Iter 3: .............................*(NumConst=2, SV=1, CEps=55.8220, QPEps=0.0000)
Iter 3: ..........................................(NumConst=2, SV=1, CEps=0.0000, QPEps=0.0000)
Final epsilon on KKT-Conditions: 0.00000
Upper bound on duality gap: 0.00000
Dual objective value: dval=5.58704
Primal objective value: pval=5.58704
Total number of constraints in final working set: 2 (of 2)
Number of iterations: 3
Number of calls to 'find_most_violated_constraint': 1500
Number of SV: 1 
Norm of weight vector: |w|=0.02677
Value of slack variable (on working set): xi=55.86684
Value of slack variable (global): xi=55.86684
Norm of longest difference vector: ||Psi(x,y)-Psi(x,ybar)||=0.26766
Runtime in cpu-seconds: 91.84
Writing learned model...done
Reading model...done.
Reading test examples...done.
Classifying test examples...(NumConst=2, SV=1, CEps=0.0000, QPEps=0.0000)
Final epsilon on KKT-Conditions: 0.00000
Upper bound on duality gap: 0.00000
Dual objective value: dval=5.58704
Primal objective value: pval=5.58704
Total number of constraints in final working set: 2 (of 2)
Number of iterations: 3
Number of calls to 'find_most_violated_constraint': 1500
Number of SV: 1 
Norm of weight vector: |w|=0.02677
Value of slack variable (on working set): xi=55.86684
Value of slack variable (global): xi=55.86684
Norm of longest difference vector: ||Psi(x,y)-Psi(x,ybar)||=0.26766
Runtime in cpu-seconds: 94.38
Writing learned model...done
(NumConst=2, SV=1, CEps=0.0000, QPEps=0.0000)
Final epsilon on KKT-Conditions: 0.00000
Upper bound on duality gap: -0.00000
Dual objective value: dval=55.83818
Primal objective value: pval=55.83818
Total number of constraints in final working set: 2 (of 2)
Number of iterations: 3
Number of calls to 'find_most_violated_constraint': 1500
Number of SV: 1 
Norm of weight vector: |w|=0.26766
Value of slack variable (on working set): xi=55.80236
Value of slack variable (global): xi=55.80236
Norm of longest difference vector: ||Psi(x,y)-Psi(x,ybar)||=0.26766
Runtime in cpu-seconds: 94.10
Writing learned model...done
Reading model...done.
Reading test examples...Reading model...done.
Classifying test examples...done.
Reading test examples...done.
Classifying test examples...done
Runtime (without IO) in cpu-seconds: 6.01
Average loss on test set: 0.0000
Zero/one-error on test set: 0.00% (500 correct, 0 incorrect, 500 total)
NOTE: The loss reported above is the fraction of swapped pairs averaged over
      all rankings. The zero/one-error is fraction of perfectly correct
      rankings!
Total Num Swappedpairs  :      0
Avg Swappedpairs Percent:   0.00
Training...
Trained!
Scoring...
Scored!
(NumConst=2, SV=1, CEps=0.0000, QPEps=0.0000)
Final epsilon on KKT-Conditions: 0.00000
Upper bound on duality gap: -0.00000
Dual objective value: dval=55.83818
Primal objective value: pval=55.83818
Total number of constraints in final working set: 2 (of 2)
Number of iterations: 3
Number of calls to 'find_most_violated_constraint': 1500
Number of SV: 1 
Norm of weight vector: |w|=0.26766
Value of slack variable (on working set): xi=55.80236
Value of slack variable (global): xi=55.80236
Norm of longest difference vector: ||Psi(x,y)-Psi(x,ybar)||=0.26766
Runtime in cpu-seconds: 98.72
Writing learned model...done
done
Runtime (without IO) in cpu-seconds: 5.79
Average loss on test set: 0.0000
Zero/one-error on test set: 0.00% (500 correct, 0 incorrect, 500 total)
NOTE: The loss reported above is the fraction of swapped pairs averaged over
      all rankings. The zero/one-error is fraction of perfectly correct
      rankings!
Total Num Swappedpairs  :      0
Avg Swappedpairs Percent:   0.00
done
Runtime (without IO) in cpu-seconds: 6.61
Average loss on test set: 0.0000
Zero/one-error on test set: 0.00% (500 correct, 0 incorrect, 500 total)
NOTE: The loss reported above is the fraction of swapped pairs averaged over
      all rankings. The zero/one-error is fraction of perfectly correct
      rankings!
Total Num Swappedpairs  :      0
Avg Swappedpairs Percent:   0.00
Reading model...done.
Reading test examples...done.
Classifying test examples...Training...
Trained!
Scoring...
Scored!
Training...
Trained!
Scoring...
Scored!
done
Runtime (without IO) in cpu-seconds: 5.64
Average loss on test set: 0.0000
Zero/one-error on test set: 0.00% (500 correct, 0 incorrect, 500 total)
NOTE: The loss reported above is the fraction of swapped pairs averaged over
      all rankings. The zero/one-error is fraction of perfectly correct
      rankings!
Total Num Swappedpairs  :      0
Avg Swappedpairs Percent:   0.00
Training...
Trained!
Scoring...
Scored!
(NumConst=2, SV=1, CEps=0.0000, QPEps=0.0000)
Final epsilon on KKT-Conditions: 0.00000
Upper bound on duality gap: -0.00000
Dual objective value: dval=55.61386
Primal objective value: pval=55.61386
Total number of constraints in final working set: 2 (of 2)
Number of iterations: 3
Number of calls to 'find_most_violated_constraint': 1500
Number of SV: 1 
Norm of weight vector: |w|=0.72131
Value of slack variable (on working set): xi=55.35372
Value of slack variable (global): xi=55.35372
Norm of longest difference vector: ||Psi(x,y)-Psi(x,ybar)||=0.72131
Runtime in cpu-seconds: 119.22
Writing learned model...done
(NumConst=2, SV=1, CEps=0.0000, QPEps=0.0000)
Final epsilon on KKT-Conditions: 0.00000
Upper bound on duality gap: -0.00000
Dual objective value: dval=55.61386
Primal objective value: pval=55.61386
Total number of constraints in final working set: 2 (of 2)
Number of iterations: 3
Number of calls to 'find_most_violated_constraint': 1500
Number of SV: 1 
Norm of weight vector: |w|=0.72131
Value of slack variable (on working set): xi=55.35372
Value of slack variable (global): xi=55.35372
Norm of longest difference vector: ||Psi(x,y)-Psi(x,ybar)||=0.72131
Runtime in cpu-seconds: 119.15
Writing learned model...done
Reading model...done.
Reading test examples...done.
Classifying test examples...Reading model...done.
Reading test examples...done.
Classifying test examples...(NumConst=2, SV=1, CEps=0.0000, QPEps=0.0000)
Final epsilon on KKT-Conditions: 0.00000
Upper bound on duality gap: 0.00000
Dual objective value: dval=5.58480
Primal objective value: pval=5.58480
Total number of constraints in final working set: 2 (of 2)
Number of iterations: 3
Number of calls to 'find_most_violated_constraint': 1500
Number of SV: 1 
Norm of weight vector: |w|=0.07213
Value of slack variable (on working set): xi=55.82197
Value of slack variable (global): xi=55.82197
Norm of longest difference vector: ||Psi(x,y)-Psi(x,ybar)||=0.72131
Runtime in cpu-seconds: 121.09
Writing learned model...done
Reading model...done.
Reading test examples...done.
Classifying test examples...done
Runtime (without IO) in cpu-seconds: 6.62
Average loss on test set: 0.0000
Zero/one-error on test set: 0.00% (500 correct, 0 incorrect, 500 total)
NOTE: The loss reported above is the fraction of swapped pairs averaged over
      all rankings. The zero/one-error is fraction of perfectly correct
      rankings!
Total Num Swappedpairs  :      0
Avg Swappedpairs Percent:   0.00
done
Runtime (without IO) in cpu-seconds: 6.72
Average loss on test set: 0.0000
Zero/one-error on test set: 0.00% (500 correct, 0 incorrect, 500 total)
NOTE: The loss reported above is the fraction of swapped pairs averaged over
      all rankings. The zero/one-error is fraction of perfectly correct
      rankings!
Total Num Swappedpairs  :      0
Avg Swappedpairs Percent:   0.00
Training...
Trained!
Scoring...
Scored!
Training...
Trained!
Scoring...
Scored!
(NumConst=2, SV=1, CEps=0.0000, QPEps=0.0000)
Final epsilon on KKT-Conditions: 0.00000
Upper bound on duality gap: -0.00000
Dual objective value: dval=55.83818
Primal objective value: pval=55.83818
Total number of constraints in final working set: 2 (of 2)
Number of iterations: 3
Number of calls to 'find_most_violated_constraint': 1500
Number of SV: 1 
Norm of weight vector: |w|=0.26766
Value of slack variable (on working set): xi=55.80236
Value of slack variable (global): xi=55.80236
Norm of longest difference vector: ||Psi(x,y)-Psi(x,ybar)||=0.26766
Runtime in cpu-seconds: 130.52
Writing learned model...done
Reading model...done.
Reading test examples...done.
Classifying test examples...done
Runtime (without IO) in cpu-seconds: 6.73
Average loss on test set: 0.0000
Zero/one-error on test set: 0.00% (500 correct, 0 incorrect, 500 total)
NOTE: The loss reported above is the fraction of swapped pairs averaged over
      all rankings. The zero/one-error is fraction of perfectly correct
      rankings!
Total Num Swappedpairs  :      0
Avg Swappedpairs Percent:   0.00
(NumConst=2, SV=1, CEps=0.0000, QPEps=0.0000)
Final epsilon on KKT-Conditions: 0.00000
Upper bound on duality gap: 0.00000
Dual objective value: dval=5.58480
Primal objective value: pval=5.58480
Total number of constraints in final working set: 2 (of 2)
Number of iterations: 3
Number of calls to 'find_most_violated_constraint': 1500
Number of SV: 1 
Norm of weight vector: |w|=0.07213
Value of slack variable (on working set): xi=55.82197
Value of slack variable (global): xi=55.82197
Norm of longest difference vector: ||Psi(x,y)-Psi(x,ybar)||=0.72131
Runtime in cpu-seconds: 119.04
Writing learned model...done
Reading model...done.
Reading test examples...done.
Classifying test examples...Training...
Trained!
Scoring...
Scored!
done
Runtime (without IO) in cpu-seconds: 5.53
Average loss on test set: 0.0000
Zero/one-error on test set: 0.00% (500 correct, 0 incorrect, 500 total)
NOTE: The loss reported above is the fraction of swapped pairs averaged over
      all rankings. The zero/one-error is fraction of perfectly correct
      rankings!
Total Num Swappedpairs  :      0
Avg Swappedpairs Percent:   0.00
Training...
Trained!
Scoring...
Scored!
done
Runtime (without IO) in cpu-seconds: 6.70
Average loss on test set: 0.0000
Zero/one-error on test set: 0.00% (500 correct, 0 incorrect, 500 total)
NOTE: The loss reported above is the fraction of swapped pairs averaged over
      all rankings. The zero/one-error is fraction of perfectly correct
      rankings!
Total Num Swappedpairs  :      0
Avg Swappedpairs Percent:   0.00
Training...
Trained!
Scoring...
Scored!
(NumConst=2, SV=1, CEps=0.0000, QPEps=0.0000)
Final epsilon on KKT-Conditions: 0.00000
Upper bound on duality gap: 0.00000
Dual objective value: dval=5.58704
Primal objective value: pval=5.58704
Total number of constraints in final working set: 2 (of 2)
Number of iterations: 3
Number of calls to 'find_most_violated_constraint': 1500
Number of SV: 1 
Norm of weight vector: |w|=0.02677
Value of slack variable (on working set): xi=55.86684
Value of slack variable (global): xi=55.86684
Norm of longest difference vector: ||Psi(x,y)-Psi(x,ybar)||=0.26766
Runtime in cpu-seconds: 140.15
Writing learned model...done
Reading model...done.
Reading test examples...done.
Classifying test examples...done
Runtime (without IO) in cpu-seconds: 5.29
Average loss on test set: 0.0000
Zero/one-error on test set: 0.00% (500 correct, 0 incorrect, 500 total)
NOTE: The loss reported above is the fraction of swapped pairs averaged over
      all rankings. The zero/one-error is fraction of perfectly correct
      rankings!
Total Num Swappedpairs  :      0
Avg Swappedpairs Percent:   0.00
Training...
Trained!
Scoring...
Scored!
(NumConst=2, SV=1, CEps=0.0000, QPEps=0.0000)
Final epsilon on KKT-Conditions: 0.00000
Upper bound on duality gap: -0.00000
Dual objective value: dval=55.61386
Primal objective value: pval=55.61386
Total number of constraints in final working set: 2 (of 2)
Number of iterations: 3
Number of calls to 'find_most_violated_constraint': 1500
Number of SV: 1 
Norm of weight vector: |w|=0.72131
Value of slack variable (on working set): xi=55.35372
Value of slack variable (global): xi=55.35372
Norm of longest difference vector: ||Psi(x,y)-Psi(x,ybar)||=0.72131
Runtime in cpu-seconds: 173.20
Writing learned model...done
Reading model...done.
Reading test examples...done.
Classifying test examples...done
Runtime (without IO) in cpu-seconds: 6.19
Average loss on test set: 0.0000
Zero/one-error on test set: 0.00% (500 correct, 0 incorrect, 500 total)
NOTE: The loss reported above is the fraction of swapped pairs averaged over
      all rankings. The zero/one-error is fraction of perfectly correct
      rankings!
Total Num Swappedpairs  :      0
Avg Swappedpairs Percent:   0.00
Training...
Trained!
Scoring...
Scored!
(NumConst=2, SV=1, CEps=0.0000, QPEps=0.0000)
Final epsilon on KKT-Conditions: 0.00000
Upper bound on duality gap: 0.00000
Dual objective value: dval=5.58480
Primal objective value: pval=5.58480
Total number of constraints in final working set: 2 (of 2)
Number of iterations: 3
Number of calls to 'find_most_violated_constraint': 1500
Number of SV: 1 
Norm of weight vector: |w|=0.07213
Value of slack variable (on working set): xi=55.82197
Value of slack variable (global): xi=55.82197
Norm of longest difference vector: ||Psi(x,y)-Psi(x,ybar)||=0.72131
Runtime in cpu-seconds: 173.94
Writing learned model...done
Reading model...done.
Reading test examples...done.
Classifying test examples...done
Runtime (without IO) in cpu-seconds: 6.19
Average loss on test set: 0.0000
Zero/one-error on test set: 0.00% (500 correct, 0 incorrect, 500 total)
NOTE: The loss reported above is the fraction of swapped pairs averaged over
      all rankings. The zero/one-error is fraction of perfectly correct
      rankings!
Total Num Swappedpairs  :      0
Avg Swappedpairs Percent:   0.00
Training...
Trained!
Scoring...
Scored!
